<?xml version="1.0" encoding="UTF-8"?>
<!-- Generated by org.testng.reporters.JUnitXMLReporter -->
<testsuite ignored="0" hostname="IN-4DJ9WP3" failures="0" tests="5" name="Surefire test" time="141.529" errors="0" timestamp="04 Feb 2023 18:07:49 GMT">
  <testcase classname="cucumber.api.testng.AbstractTestNGCucumberTests" name="feature" time="33.608"/>
  <testcase classname="cucumber.api.testng.AbstractTestNGCucumberTests" name="feature" time="20.684"/>
  <testcase classname="cucumber.api.testng.AbstractTestNGCucumberTests" name="feature" time="22.656"/>
  <testcase classname="cucumber.api.testng.AbstractTestNGCucumberTests" name="feature" time="44.721"/>
  <testcase classname="cucumber.api.testng.AbstractTestNGCucumberTests" name="feature" time="19.476"/>
</testsuite> <!-- Surefire test -->
