<?xml version="1.0" encoding="UTF-8"?>
<testng-results ignored="0" total="5" passed="5" failed="0" skipped="0">
  <reporter-output>
  </reporter-output>
  <suite started-at="2023-02-04T18:05:27Z" name="Surefire suite" finished-at="2023-02-04T18:07:49Z" duration-ms="141529">
    <groups>
      <group name="cucumber">
        <method signature="AbstractTestNGCucumberTests.feature(cucumber.api.testng.CucumberFeatureWrapper)[pri:0, instance:RunnerAndroid.TestRunner@4562e04d]" name="feature" class="cucumber.api.testng.AbstractTestNGCucumberTests"/>
      </group> <!-- cucumber -->
    </groups>
    <test started-at="2023-02-04T18:05:27Z" name="Surefire test" finished-at="2023-02-04T18:07:49Z" duration-ms="141529">
      <class name="RunnerAndroid.TestRunner">
        <test-method is-config="true" signature="setUpClass()[pri:0, instance:RunnerAndroid.TestRunner@4562e04d]" started-at="2023-02-04T23:35:27Z" name="setUpClass" finished-at="2023-02-04T23:35:28Z" duration-ms="250" status="PASS">
          <reporter-output>
          </reporter-output>
        </test-method> <!-- setUpClass -->
        <test-method signature="feature(cucumber.api.testng.CucumberFeatureWrapper)[pri:0, instance:RunnerAndroid.TestRunner@4562e04d]" started-at="2023-02-04T23:35:28Z" name="feature" description="Runs Cucumber Feature" data-provider="features" finished-at="2023-02-04T23:36:01Z" duration-ms="33608" status="PASS">
          <params>
            <param index="0">
              <value>
                <![CDATA[Demp Api Mobile app Testing]]>
              </value>
            </param>
          </params>
          <reporter-output>
          </reporter-output>
        </test-method> <!-- feature -->
        <test-method signature="feature(cucumber.api.testng.CucumberFeatureWrapper)[pri:0, instance:RunnerAndroid.TestRunner@4562e04d]" started-at="2023-02-04T23:36:01Z" name="feature" description="Runs Cucumber Feature" data-provider="features" finished-at="2023-02-04T23:36:22Z" duration-ms="20684" status="PASS">
          <params>
            <param index="0">
              <value>
                <![CDATA[Demp Api Mobile app Testing]]>
              </value>
            </param>
          </params>
          <reporter-output>
          </reporter-output>
        </test-method> <!-- feature -->
        <test-method signature="feature(cucumber.api.testng.CucumberFeatureWrapper)[pri:0, instance:RunnerAndroid.TestRunner@4562e04d]" started-at="2023-02-04T23:36:22Z" name="feature" description="Runs Cucumber Feature" data-provider="features" finished-at="2023-02-04T23:36:45Z" duration-ms="22656" status="PASS">
          <params>
            <param index="0">
              <value>
                <![CDATA[Demp Api Mobile app Testing]]>
              </value>
            </param>
          </params>
          <reporter-output>
          </reporter-output>
        </test-method> <!-- feature -->
        <test-method signature="feature(cucumber.api.testng.CucumberFeatureWrapper)[pri:0, instance:RunnerAndroid.TestRunner@4562e04d]" started-at="2023-02-04T23:36:45Z" name="feature" description="Runs Cucumber Feature" data-provider="features" finished-at="2023-02-04T23:37:29Z" duration-ms="44721" status="PASS">
          <params>
            <param index="0">
              <value>
                <![CDATA[Demp Api Mobile app Testing]]>
              </value>
            </param>
          </params>
          <reporter-output>
          </reporter-output>
        </test-method> <!-- feature -->
        <test-method signature="feature(cucumber.api.testng.CucumberFeatureWrapper)[pri:0, instance:RunnerAndroid.TestRunner@4562e04d]" started-at="2023-02-04T23:37:29Z" name="feature" description="Runs Cucumber Feature" data-provider="features" finished-at="2023-02-04T23:37:49Z" duration-ms="19476" status="PASS">
          <params>
            <param index="0">
              <value>
                <![CDATA[Demp Api Mobile app Testing]]>
              </value>
            </param>
          </params>
          <reporter-output>
          </reporter-output>
        </test-method> <!-- feature -->
        <test-method is-config="true" signature="tearDownClass()[pri:0, instance:RunnerAndroid.TestRunner@4562e04d]" started-at="2023-02-04T23:37:49Z" name="tearDownClass" finished-at="2023-02-04T23:37:49Z" duration-ms="3" status="PASS">
          <reporter-output>
          </reporter-output>
        </test-method> <!-- tearDownClass -->
      </class> <!-- RunnerAndroid.TestRunner -->
    </test> <!-- Surefire test -->
  </suite> <!-- Surefire suite -->
</testng-results>
